============================= test session starts ==============================
platform darwin -- Python 3.13.5, pytest-9.0.1, pluggy-1.6.0
rootdir: /Users/rpandey/DevHub/AgentDevLabs/backend
plugins: anyio-4.11.0
collected 2 items

tests/test_traces.py FF                                                  [100%]

=================================== FAILURES ===================================
_________________________ test_create_trace_and_fetch __________________________

self = <sqlalchemy.engine.base.Connection object at 0x108d5b390>
dialect = <sqlalchemy.dialects.sqlite.pysqlite.SQLiteDialect_pysqlite object at 0x108d58410>
context = <sqlalchemy.dialects.sqlite.base.SQLiteExecutionContext object at 0x108cf67a0>
statement = <sqlalchemy.dialects.sqlite.base.SQLiteCompiler object at 0x105576f90>
parameters = [('openai', 'gpt-4o-mini', 'ping', 'pong', 12, 42, ...)]

    def _exec_single_context(
        self,
        dialect: Dialect,
        context: ExecutionContext,
        statement: Union[str, Compiled],
        parameters: Optional[_AnyMultiExecuteParams],
    ) -> CursorResult[Any]:
        """continue the _execute_context() method for a single DBAPI
        cursor.execute() or cursor.executemany() call.
    
        """
        if dialect.bind_typing is BindTyping.SETINPUTSIZES:
            generic_setinputsizes = context._prepare_set_input_sizes()
    
            if generic_setinputsizes:
                try:
                    dialect.do_set_input_sizes(
                        context.cursor, generic_setinputsizes, context
                    )
                except BaseException as e:
                    self._handle_dbapi_exception(
                        e, str(statement), parameters, None, context
                    )
    
        cursor, str_statement, parameters = (
            context.cursor,
            context.statement,
            context.parameters,
        )
    
        effective_parameters: Optional[_AnyExecuteParams]
    
        if not context.executemany:
            effective_parameters = parameters[0]
        else:
            effective_parameters = parameters
    
        if self._has_events or self.engine._has_events:
            for fn in self.dispatch.before_cursor_execute:
                str_statement, effective_parameters = fn(
                    self,
                    cursor,
                    str_statement,
                    effective_parameters,
                    context,
                    context.executemany,
                )
    
        if self._echo:
            self._log_info(str_statement)
    
            stats = context._get_cache_stats()
    
            if not self.engine.hide_parameters:
                self._log_info(
                    "[%s] %r",
                    stats,
                    sql_util._repr_params(
                        effective_parameters,
                        batches=10,
                        ismulti=context.executemany,
                    ),
                )
            else:
                self._log_info(
                    "[%s] [SQL parameters hidden due to hide_parameters=True]",
                    stats,
                )
    
        evt_handled: bool = False
        try:
            if context.execute_style is ExecuteStyle.EXECUTEMANY:
                effective_parameters = cast(
                    "_CoreMultiExecuteParams", effective_parameters
                )
                if self.dialect._has_events:
                    for fn in self.dialect.dispatch.do_executemany:
                        if fn(
                            cursor,
                            str_statement,
                            effective_parameters,
                            context,
                        ):
                            evt_handled = True
                            break
                if not evt_handled:
                    self.dialect.do_executemany(
                        cursor,
                        str_statement,
                        effective_parameters,
                        context,
                    )
            elif not effective_parameters and context.no_parameters:
                if self.dialect._has_events:
                    for fn in self.dialect.dispatch.do_execute_no_params:
                        if fn(cursor, str_statement, context):
                            evt_handled = True
                            break
                if not evt_handled:
                    self.dialect.do_execute_no_params(
                        cursor, str_statement, context
                    )
            else:
                effective_parameters = cast(
                    "_CoreSingleExecuteParams", effective_parameters
                )
                if self.dialect._has_events:
                    for fn in self.dialect.dispatch.do_execute:
                        if fn(
                            cursor,
                            str_statement,
                            effective_parameters,
                            context,
                        ):
                            evt_handled = True
                            break
                if not evt_handled:
>                   self.dialect.do_execute(
                        cursor, str_statement, effective_parameters, context
                    )

../../AgenticLabs/.venv/lib/python3.13/site-packages/sqlalchemy/engine/base.py:1967: 
_ _ _ _ _ _ _ _ _ _ _ _ _ _ _ _ _ _ _ _ _ _ _ _ _ _ _ _ _ _ _ _ _ _ _ _ _ _ _ _ 

self = <sqlalchemy.dialects.sqlite.pysqlite.SQLiteDialect_pysqlite object at 0x108d58410>
cursor = <sqlite3.Cursor object at 0x108e0f840>
statement = 'INSERT INTO traces (provider, model, input, output, tokens, latency_ms, framework, source, extra) VALUES (?, ?, ?, ?, ?, ?, ?, ?, ?) RETURNING id, created_at'
parameters = ('openai', 'gpt-4o-mini', 'ping', 'pong', 12, 42, ...)
context = <sqlalchemy.dialects.sqlite.base.SQLiteExecutionContext object at 0x108cf67a0>

    def do_execute(self, cursor, statement, parameters, context=None):
>       cursor.execute(statement, parameters)
E       sqlite3.OperationalError: no such table: traces

../../AgenticLabs/.venv/lib/python3.13/site-packages/sqlalchemy/engine/default.py:941: OperationalError

The above exception was the direct cause of the following exception:

    def test_create_trace_and_fetch() -> None:
        payload = {
            "provider": "openai",
            "model": "gpt-4o-mini",
            "input": "ping",
            "output": "pong",
            "tokens": 12,
            "latency_ms": 42,
            "framework": "unit-test",
            "source": "tests",
            "extra": {"foo": "bar"},
        }
>       resp = client.post("/api/traces", json=payload)
               ^^^^^^^^^^^^^^^^^^^^^^^^^^^^^^^^^^^^^^^^

tests/test_traces.py:40: 
_ _ _ _ _ _ _ _ _ _ _ _ _ _ _ _ _ _ _ _ _ _ _ _ _ _ _ _ _ _ _ _ _ _ _ _ _ _ _ _ 
../../AgenticLabs/.venv/lib/python3.13/site-packages/starlette/testclient.py:597: in post
    return super().post(
../../AgenticLabs/.venv/lib/python3.13/site-packages/httpx/_client.py:1144: in post
    return self.request(
../../AgenticLabs/.venv/lib/python3.13/site-packages/starlette/testclient.py:488: in request
    return super().request(
../../AgenticLabs/.venv/lib/python3.13/site-packages/httpx/_client.py:825: in request
    return self.send(request, auth=auth, follow_redirects=follow_redirects)
           ^^^^^^^^^^^^^^^^^^^^^^^^^^^^^^^^^^^^^^^^^^^^^^^^^^^^^^^^^^^^^^^^
../../AgenticLabs/.venv/lib/python3.13/site-packages/httpx/_client.py:914: in send
    response = self._send_handling_auth(
../../AgenticLabs/.venv/lib/python3.13/site-packages/httpx/_client.py:942: in _send_handling_auth
    response = self._send_handling_redirects(
../../AgenticLabs/.venv/lib/python3.13/site-packages/httpx/_client.py:979: in _send_handling_redirects
    response = self._send_single_request(request)
               ^^^^^^^^^^^^^^^^^^^^^^^^^^^^^^^^^^
../../AgenticLabs/.venv/lib/python3.13/site-packages/httpx/_client.py:1014: in _send_single_request
    response = transport.handle_request(request)
               ^^^^^^^^^^^^^^^^^^^^^^^^^^^^^^^^^
../../AgenticLabs/.venv/lib/python3.13/site-packages/starlette/testclient.py:381: in handle_request
    raise exc
../../AgenticLabs/.venv/lib/python3.13/site-packages/starlette/testclient.py:378: in handle_request
    portal.call(self.app, scope, receive, send)
../../AgenticLabs/.venv/lib/python3.13/site-packages/anyio/from_thread.py:321: in call
    return cast(T_Retval, self.start_task_soon(func, *args).result())
                          ^^^^^^^^^^^^^^^^^^^^^^^^^^^^^^^^^^^^^^^^^^
/opt/homebrew/Cellar/python@3.13/3.13.5/Frameworks/Python.framework/Versions/3.13/lib/python3.13/concurrent/futures/_base.py:456: in result
    return self.__get_result()
           ^^^^^^^^^^^^^^^^^^^
/opt/homebrew/Cellar/python@3.13/3.13.5/Frameworks/Python.framework/Versions/3.13/lib/python3.13/concurrent/futures/_base.py:401: in __get_result
    raise self._exception
../../AgenticLabs/.venv/lib/python3.13/site-packages/anyio/from_thread.py:252: in _call_func
    retval = await retval_or_awaitable
             ^^^^^^^^^^^^^^^^^^^^^^^^^
../../AgenticLabs/.venv/lib/python3.13/site-packages/fastapi/applications.py:1054: in __call__
    await super().__call__(scope, receive, send)
../../AgenticLabs/.venv/lib/python3.13/site-packages/starlette/applications.py:113: in __call__
    await self.middleware_stack(scope, receive, send)
../../AgenticLabs/.venv/lib/python3.13/site-packages/starlette/middleware/errors.py:187: in __call__
    raise exc
../../AgenticLabs/.venv/lib/python3.13/site-packages/starlette/middleware/errors.py:165: in __call__
    await self.app(scope, receive, _send)
../../AgenticLabs/.venv/lib/python3.13/site-packages/starlette/middleware/cors.py:85: in __call__
    await self.app(scope, receive, send)
../../AgenticLabs/.venv/lib/python3.13/site-packages/starlette/middleware/exceptions.py:62: in __call__
    await wrap_app_handling_exceptions(self.app, conn)(scope, receive, send)
../../AgenticLabs/.venv/lib/python3.13/site-packages/starlette/_exception_handler.py:62: in wrapped_app
    raise exc
../../AgenticLabs/.venv/lib/python3.13/site-packages/starlette/_exception_handler.py:51: in wrapped_app
    await app(scope, receive, sender)
../../AgenticLabs/.venv/lib/python3.13/site-packages/starlette/routing.py:715: in __call__
    await self.middleware_stack(scope, receive, send)
../../AgenticLabs/.venv/lib/python3.13/site-packages/starlette/routing.py:735: in app
    await route.handle(scope, receive, send)
../../AgenticLabs/.venv/lib/python3.13/site-packages/starlette/routing.py:288: in handle
    await self.app(scope, receive, send)
../../AgenticLabs/.venv/lib/python3.13/site-packages/starlette/routing.py:76: in app
    await wrap_app_handling_exceptions(app, request)(scope, receive, send)
../../AgenticLabs/.venv/lib/python3.13/site-packages/starlette/_exception_handler.py:62: in wrapped_app
    raise exc
../../AgenticLabs/.venv/lib/python3.13/site-packages/starlette/_exception_handler.py:51: in wrapped_app
    await app(scope, receive, sender)
../../AgenticLabs/.venv/lib/python3.13/site-packages/starlette/routing.py:73: in app
    response = await f(request)
               ^^^^^^^^^^^^^^^^
../../AgenticLabs/.venv/lib/python3.13/site-packages/fastapi/routing.py:301: in app
    raw_response = await run_endpoint_function(
../../AgenticLabs/.venv/lib/python3.13/site-packages/fastapi/routing.py:214: in run_endpoint_function
    return await run_in_threadpool(dependant.call, **values)
           ^^^^^^^^^^^^^^^^^^^^^^^^^^^^^^^^^^^^^^^^^^^^^^^^^
../../AgenticLabs/.venv/lib/python3.13/site-packages/starlette/concurrency.py:39: in run_in_threadpool
    return await anyio.to_thread.run_sync(func, *args)
           ^^^^^^^^^^^^^^^^^^^^^^^^^^^^^^^^^^^^^^^^^^^
../../AgenticLabs/.venv/lib/python3.13/site-packages/anyio/to_thread.py:56: in run_sync
    return await get_async_backend().run_sync_in_worker_thread(
../../AgenticLabs/.venv/lib/python3.13/site-packages/anyio/_backends/_asyncio.py:2485: in run_sync_in_worker_thread
    return await future
           ^^^^^^^^^^^^
../../AgenticLabs/.venv/lib/python3.13/site-packages/anyio/_backends/_asyncio.py:976: in run
    result = context.run(func, *args)
             ^^^^^^^^^^^^^^^^^^^^^^^^
api/traces.py:45: in create_trace
    trace = create_trace_record(db, payload)
            ^^^^^^^^^^^^^^^^^^^^^^^^^^^^^^^^
api/traces.py:38: in create_trace_record
    db.commit()
../../AgenticLabs/.venv/lib/python3.13/site-packages/sqlalchemy/orm/session.py:2028: in commit
    trans.commit(_to_root=True)
<string>:2: in commit
    ???
../../AgenticLabs/.venv/lib/python3.13/site-packages/sqlalchemy/orm/state_changes.py:139: in _go
    ret_value = fn(self, *arg, **kw)
                ^^^^^^^^^^^^^^^^^^^^
../../AgenticLabs/.venv/lib/python3.13/site-packages/sqlalchemy/orm/session.py:1313: in commit
    self._prepare_impl()
<string>:2: in _prepare_impl
    ???
../../AgenticLabs/.venv/lib/python3.13/site-packages/sqlalchemy/orm/state_changes.py:139: in _go
    ret_value = fn(self, *arg, **kw)
                ^^^^^^^^^^^^^^^^^^^^
../../AgenticLabs/.venv/lib/python3.13/site-packages/sqlalchemy/orm/session.py:1288: in _prepare_impl
    self.session.flush()
../../AgenticLabs/.venv/lib/python3.13/site-packages/sqlalchemy/orm/session.py:4352: in flush
    self._flush(objects)
../../AgenticLabs/.venv/lib/python3.13/site-packages/sqlalchemy/orm/session.py:4487: in _flush
    with util.safe_reraise():
         ^^^^^^^^^^^^^^^^^^^
../../AgenticLabs/.venv/lib/python3.13/site-packages/sqlalchemy/util/langhelpers.py:146: in __exit__
    raise exc_value.with_traceback(exc_tb)
../../AgenticLabs/.venv/lib/python3.13/site-packages/sqlalchemy/orm/session.py:4448: in _flush
    flush_context.execute()
../../AgenticLabs/.venv/lib/python3.13/site-packages/sqlalchemy/orm/unitofwork.py:466: in execute
    rec.execute(self)
../../AgenticLabs/.venv/lib/python3.13/site-packages/sqlalchemy/orm/unitofwork.py:642: in execute
    util.preloaded.orm_persistence.save_obj(
../../AgenticLabs/.venv/lib/python3.13/site-packages/sqlalchemy/orm/persistence.py:93: in save_obj
    _emit_insert_statements(
../../AgenticLabs/.venv/lib/python3.13/site-packages/sqlalchemy/orm/persistence.py:1233: in _emit_insert_statements
    result = connection.execute(
../../AgenticLabs/.venv/lib/python3.13/site-packages/sqlalchemy/engine/base.py:1418: in execute
    return meth(
../../AgenticLabs/.venv/lib/python3.13/site-packages/sqlalchemy/sql/elements.py:515: in _execute_on_connection
    return connection._execute_clauseelement(
../../AgenticLabs/.venv/lib/python3.13/site-packages/sqlalchemy/engine/base.py:1640: in _execute_clauseelement
    ret = self._execute_context(
../../AgenticLabs/.venv/lib/python3.13/site-packages/sqlalchemy/engine/base.py:1846: in _execute_context
    return self._exec_single_context(
../../AgenticLabs/.venv/lib/python3.13/site-packages/sqlalchemy/engine/base.py:1986: in _exec_single_context
    self._handle_dbapi_exception(
../../AgenticLabs/.venv/lib/python3.13/site-packages/sqlalchemy/engine/base.py:2355: in _handle_dbapi_exception
    raise sqlalchemy_exception.with_traceback(exc_info[2]) from e
../../AgenticLabs/.venv/lib/python3.13/site-packages/sqlalchemy/engine/base.py:1967: in _exec_single_context
    self.dialect.do_execute(
_ _ _ _ _ _ _ _ _ _ _ _ _ _ _ _ _ _ _ _ _ _ _ _ _ _ _ _ _ _ _ _ _ _ _ _ _ _ _ _ 

self = <sqlalchemy.dialects.sqlite.pysqlite.SQLiteDialect_pysqlite object at 0x108d58410>
cursor = <sqlite3.Cursor object at 0x108e0f840>
statement = 'INSERT INTO traces (provider, model, input, output, tokens, latency_ms, framework, source, extra) VALUES (?, ?, ?, ?, ?, ?, ?, ?, ?) RETURNING id, created_at'
parameters = ('openai', 'gpt-4o-mini', 'ping', 'pong', 12, 42, ...)
context = <sqlalchemy.dialects.sqlite.base.SQLiteExecutionContext object at 0x108cf67a0>

    def do_execute(self, cursor, statement, parameters, context=None):
>       cursor.execute(statement, parameters)
E       sqlalchemy.exc.OperationalError: (sqlite3.OperationalError) no such table: traces
E       [SQL: INSERT INTO traces (provider, model, input, output, tokens, latency_ms, framework, source, extra) VALUES (?, ?, ?, ?, ?, ?, ?, ?, ?) RETURNING id, created_at]
E       [parameters: ('openai', 'gpt-4o-mini', 'ping', 'pong', 12, 42, 'unit-test', 'tests', '{"foo": "bar"}')]
E       (Background on this error at: https://sqlalche.me/e/20/e3q8)

../../AgenticLabs/.venv/lib/python3.13/site-packages/sqlalchemy/engine/default.py:941: OperationalError
____________________ test_chat_endpoint_uses_stub_provider _____________________

self = <sqlalchemy.engine.base.Connection object at 0x108f24d60>
dialect = <sqlalchemy.dialects.sqlite.pysqlite.SQLiteDialect_pysqlite object at 0x108d58410>
context = <sqlalchemy.dialects.sqlite.base.SQLiteExecutionContext object at 0x108dddc50>
statement = <sqlalchemy.dialects.sqlite.base.SQLiteCompiler object at 0x105576f90>
parameters = [('stub', 'stub-echo-1', 'Say hello', 'Stub summary: Say hello', 7, 12, ...)]

    def _exec_single_context(
        self,
        dialect: Dialect,
        context: ExecutionContext,
        statement: Union[str, Compiled],
        parameters: Optional[_AnyMultiExecuteParams],
    ) -> CursorResult[Any]:
        """continue the _execute_context() method for a single DBAPI
        cursor.execute() or cursor.executemany() call.
    
        """
        if dialect.bind_typing is BindTyping.SETINPUTSIZES:
            generic_setinputsizes = context._prepare_set_input_sizes()
    
            if generic_setinputsizes:
                try:
                    dialect.do_set_input_sizes(
                        context.cursor, generic_setinputsizes, context
                    )
                except BaseException as e:
                    self._handle_dbapi_exception(
                        e, str(statement), parameters, None, context
                    )
    
        cursor, str_statement, parameters = (
            context.cursor,
            context.statement,
            context.parameters,
        )
    
        effective_parameters: Optional[_AnyExecuteParams]
    
        if not context.executemany:
            effective_parameters = parameters[0]
        else:
            effective_parameters = parameters
    
        if self._has_events or self.engine._has_events:
            for fn in self.dispatch.before_cursor_execute:
                str_statement, effective_parameters = fn(
                    self,
                    cursor,
                    str_statement,
                    effective_parameters,
                    context,
                    context.executemany,
                )
    
        if self._echo:
            self._log_info(str_statement)
    
            stats = context._get_cache_stats()
    
            if not self.engine.hide_parameters:
                self._log_info(
                    "[%s] %r",
                    stats,
                    sql_util._repr_params(
                        effective_parameters,
                        batches=10,
                        ismulti=context.executemany,
                    ),
                )
            else:
                self._log_info(
                    "[%s] [SQL parameters hidden due to hide_parameters=True]",
                    stats,
                )
    
        evt_handled: bool = False
        try:
            if context.execute_style is ExecuteStyle.EXECUTEMANY:
                effective_parameters = cast(
                    "_CoreMultiExecuteParams", effective_parameters
                )
                if self.dialect._has_events:
                    for fn in self.dialect.dispatch.do_executemany:
                        if fn(
                            cursor,
                            str_statement,
                            effective_parameters,
                            context,
                        ):
                            evt_handled = True
                            break
                if not evt_handled:
                    self.dialect.do_executemany(
                        cursor,
                        str_statement,
                        effective_parameters,
                        context,
                    )
            elif not effective_parameters and context.no_parameters:
                if self.dialect._has_events:
                    for fn in self.dialect.dispatch.do_execute_no_params:
                        if fn(cursor, str_statement, context):
                            evt_handled = True
                            break
                if not evt_handled:
                    self.dialect.do_execute_no_params(
                        cursor, str_statement, context
                    )
            else:
                effective_parameters = cast(
                    "_CoreSingleExecuteParams", effective_parameters
                )
                if self.dialect._has_events:
                    for fn in self.dialect.dispatch.do_execute:
                        if fn(
                            cursor,
                            str_statement,
                            effective_parameters,
                            context,
                        ):
                            evt_handled = True
                            break
                if not evt_handled:
>                   self.dialect.do_execute(
                        cursor, str_statement, effective_parameters, context
                    )

../../AgenticLabs/.venv/lib/python3.13/site-packages/sqlalchemy/engine/base.py:1967: 
_ _ _ _ _ _ _ _ _ _ _ _ _ _ _ _ _ _ _ _ _ _ _ _ _ _ _ _ _ _ _ _ _ _ _ _ _ _ _ _ 

self = <sqlalchemy.dialects.sqlite.pysqlite.SQLiteDialect_pysqlite object at 0x108d58410>
cursor = <sqlite3.Cursor object at 0x10bdb4bc0>
statement = 'INSERT INTO traces (provider, model, input, output, tokens, latency_ms, framework, source, extra) VALUES (?, ?, ?, ?, ?, ?, ?, ?, ?) RETURNING id, created_at'
parameters = ('stub', 'stub-echo-1', 'Say hello', 'Stub summary: Say hello', 7, 12, ...)
context = <sqlalchemy.dialects.sqlite.base.SQLiteExecutionContext object at 0x108dddc50>

    def do_execute(self, cursor, statement, parameters, context=None):
>       cursor.execute(statement, parameters)
E       sqlite3.OperationalError: no such table: traces

../../AgenticLabs/.venv/lib/python3.13/site-packages/sqlalchemy/engine/default.py:941: OperationalError

The above exception was the direct cause of the following exception:

    def test_chat_endpoint_uses_stub_provider() -> None:
        payload = {
            "prompt": "Say hello",
            "provider": "stub",
            "model": "stub-echo-1",
            "framework": "tests",
        }
>       resp = client.post("/api/chat", json=payload)
               ^^^^^^^^^^^^^^^^^^^^^^^^^^^^^^^^^^^^^^

tests/test_traces.py:60: 
_ _ _ _ _ _ _ _ _ _ _ _ _ _ _ _ _ _ _ _ _ _ _ _ _ _ _ _ _ _ _ _ _ _ _ _ _ _ _ _ 
../../AgenticLabs/.venv/lib/python3.13/site-packages/starlette/testclient.py:597: in post
    return super().post(
../../AgenticLabs/.venv/lib/python3.13/site-packages/httpx/_client.py:1144: in post
    return self.request(
../../AgenticLabs/.venv/lib/python3.13/site-packages/starlette/testclient.py:488: in request
    return super().request(
../../AgenticLabs/.venv/lib/python3.13/site-packages/httpx/_client.py:825: in request
    return self.send(request, auth=auth, follow_redirects=follow_redirects)
           ^^^^^^^^^^^^^^^^^^^^^^^^^^^^^^^^^^^^^^^^^^^^^^^^^^^^^^^^^^^^^^^^
../../AgenticLabs/.venv/lib/python3.13/site-packages/httpx/_client.py:914: in send
    response = self._send_handling_auth(
../../AgenticLabs/.venv/lib/python3.13/site-packages/httpx/_client.py:942: in _send_handling_auth
    response = self._send_handling_redirects(
../../AgenticLabs/.venv/lib/python3.13/site-packages/httpx/_client.py:979: in _send_handling_redirects
    response = self._send_single_request(request)
               ^^^^^^^^^^^^^^^^^^^^^^^^^^^^^^^^^^
../../AgenticLabs/.venv/lib/python3.13/site-packages/httpx/_client.py:1014: in _send_single_request
    response = transport.handle_request(request)
               ^^^^^^^^^^^^^^^^^^^^^^^^^^^^^^^^^
../../AgenticLabs/.venv/lib/python3.13/site-packages/starlette/testclient.py:381: in handle_request
    raise exc
../../AgenticLabs/.venv/lib/python3.13/site-packages/starlette/testclient.py:378: in handle_request
    portal.call(self.app, scope, receive, send)
../../AgenticLabs/.venv/lib/python3.13/site-packages/anyio/from_thread.py:321: in call
    return cast(T_Retval, self.start_task_soon(func, *args).result())
                          ^^^^^^^^^^^^^^^^^^^^^^^^^^^^^^^^^^^^^^^^^^
/opt/homebrew/Cellar/python@3.13/3.13.5/Frameworks/Python.framework/Versions/3.13/lib/python3.13/concurrent/futures/_base.py:456: in result
    return self.__get_result()
           ^^^^^^^^^^^^^^^^^^^
/opt/homebrew/Cellar/python@3.13/3.13.5/Frameworks/Python.framework/Versions/3.13/lib/python3.13/concurrent/futures/_base.py:401: in __get_result
    raise self._exception
../../AgenticLabs/.venv/lib/python3.13/site-packages/anyio/from_thread.py:252: in _call_func
    retval = await retval_or_awaitable
             ^^^^^^^^^^^^^^^^^^^^^^^^^
../../AgenticLabs/.venv/lib/python3.13/site-packages/fastapi/applications.py:1054: in __call__
    await super().__call__(scope, receive, send)
../../AgenticLabs/.venv/lib/python3.13/site-packages/starlette/applications.py:113: in __call__
    await self.middleware_stack(scope, receive, send)
../../AgenticLabs/.venv/lib/python3.13/site-packages/starlette/middleware/errors.py:187: in __call__
    raise exc
../../AgenticLabs/.venv/lib/python3.13/site-packages/starlette/middleware/errors.py:165: in __call__
    await self.app(scope, receive, _send)
../../AgenticLabs/.venv/lib/python3.13/site-packages/starlette/middleware/cors.py:85: in __call__
    await self.app(scope, receive, send)
../../AgenticLabs/.venv/lib/python3.13/site-packages/starlette/middleware/exceptions.py:62: in __call__
    await wrap_app_handling_exceptions(self.app, conn)(scope, receive, send)
../../AgenticLabs/.venv/lib/python3.13/site-packages/starlette/_exception_handler.py:62: in wrapped_app
    raise exc
../../AgenticLabs/.venv/lib/python3.13/site-packages/starlette/_exception_handler.py:51: in wrapped_app
    await app(scope, receive, sender)
../../AgenticLabs/.venv/lib/python3.13/site-packages/starlette/routing.py:715: in __call__
    await self.middleware_stack(scope, receive, send)
../../AgenticLabs/.venv/lib/python3.13/site-packages/starlette/routing.py:735: in app
    await route.handle(scope, receive, send)
../../AgenticLabs/.venv/lib/python3.13/site-packages/starlette/routing.py:288: in handle
    await self.app(scope, receive, send)
../../AgenticLabs/.venv/lib/python3.13/site-packages/starlette/routing.py:76: in app
    await wrap_app_handling_exceptions(app, request)(scope, receive, send)
../../AgenticLabs/.venv/lib/python3.13/site-packages/starlette/_exception_handler.py:62: in wrapped_app
    raise exc
../../AgenticLabs/.venv/lib/python3.13/site-packages/starlette/_exception_handler.py:51: in wrapped_app
    await app(scope, receive, sender)
../../AgenticLabs/.venv/lib/python3.13/site-packages/starlette/routing.py:73: in app
    response = await f(request)
               ^^^^^^^^^^^^^^^^
../../AgenticLabs/.venv/lib/python3.13/site-packages/fastapi/routing.py:301: in app
    raw_response = await run_endpoint_function(
../../AgenticLabs/.venv/lib/python3.13/site-packages/fastapi/routing.py:214: in run_endpoint_function
    return await run_in_threadpool(dependant.call, **values)
           ^^^^^^^^^^^^^^^^^^^^^^^^^^^^^^^^^^^^^^^^^^^^^^^^^
../../AgenticLabs/.venv/lib/python3.13/site-packages/starlette/concurrency.py:39: in run_in_threadpool
    return await anyio.to_thread.run_sync(func, *args)
           ^^^^^^^^^^^^^^^^^^^^^^^^^^^^^^^^^^^^^^^^^^^
../../AgenticLabs/.venv/lib/python3.13/site-packages/anyio/to_thread.py:56: in run_sync
    return await get_async_backend().run_sync_in_worker_thread(
../../AgenticLabs/.venv/lib/python3.13/site-packages/anyio/_backends/_asyncio.py:2485: in run_sync_in_worker_thread
    return await future
           ^^^^^^^^^^^^
../../AgenticLabs/.venv/lib/python3.13/site-packages/anyio/_backends/_asyncio.py:976: in run
    result = context.run(func, *args)
             ^^^^^^^^^^^^^^^^^^^^^^^^
api/router.py:115: in route_chat
    trace = create_trace_record(db, trace_payload)
            ^^^^^^^^^^^^^^^^^^^^^^^^^^^^^^^^^^^^^^
api/traces.py:38: in create_trace_record
    db.commit()
../../AgenticLabs/.venv/lib/python3.13/site-packages/sqlalchemy/orm/session.py:2028: in commit
    trans.commit(_to_root=True)
<string>:2: in commit
    ???
../../AgenticLabs/.venv/lib/python3.13/site-packages/sqlalchemy/orm/state_changes.py:139: in _go
    ret_value = fn(self, *arg, **kw)
                ^^^^^^^^^^^^^^^^^^^^
../../AgenticLabs/.venv/lib/python3.13/site-packages/sqlalchemy/orm/session.py:1313: in commit
    self._prepare_impl()
<string>:2: in _prepare_impl
    ???
../../AgenticLabs/.venv/lib/python3.13/site-packages/sqlalchemy/orm/state_changes.py:139: in _go
    ret_value = fn(self, *arg, **kw)
                ^^^^^^^^^^^^^^^^^^^^
../../AgenticLabs/.venv/lib/python3.13/site-packages/sqlalchemy/orm/session.py:1288: in _prepare_impl
    self.session.flush()
../../AgenticLabs/.venv/lib/python3.13/site-packages/sqlalchemy/orm/session.py:4352: in flush
    self._flush(objects)
../../AgenticLabs/.venv/lib/python3.13/site-packages/sqlalchemy/orm/session.py:4487: in _flush
    with util.safe_reraise():
         ^^^^^^^^^^^^^^^^^^^
../../AgenticLabs/.venv/lib/python3.13/site-packages/sqlalchemy/util/langhelpers.py:146: in __exit__
    raise exc_value.with_traceback(exc_tb)
../../AgenticLabs/.venv/lib/python3.13/site-packages/sqlalchemy/orm/session.py:4448: in _flush
    flush_context.execute()
../../AgenticLabs/.venv/lib/python3.13/site-packages/sqlalchemy/orm/unitofwork.py:466: in execute
    rec.execute(self)
../../AgenticLabs/.venv/lib/python3.13/site-packages/sqlalchemy/orm/unitofwork.py:642: in execute
    util.preloaded.orm_persistence.save_obj(
../../AgenticLabs/.venv/lib/python3.13/site-packages/sqlalchemy/orm/persistence.py:93: in save_obj
    _emit_insert_statements(
../../AgenticLabs/.venv/lib/python3.13/site-packages/sqlalchemy/orm/persistence.py:1233: in _emit_insert_statements
    result = connection.execute(
../../AgenticLabs/.venv/lib/python3.13/site-packages/sqlalchemy/engine/base.py:1418: in execute
    return meth(
../../AgenticLabs/.venv/lib/python3.13/site-packages/sqlalchemy/sql/elements.py:515: in _execute_on_connection
    return connection._execute_clauseelement(
../../AgenticLabs/.venv/lib/python3.13/site-packages/sqlalchemy/engine/base.py:1640: in _execute_clauseelement
    ret = self._execute_context(
../../AgenticLabs/.venv/lib/python3.13/site-packages/sqlalchemy/engine/base.py:1846: in _execute_context
    return self._exec_single_context(
../../AgenticLabs/.venv/lib/python3.13/site-packages/sqlalchemy/engine/base.py:1986: in _exec_single_context
    self._handle_dbapi_exception(
../../AgenticLabs/.venv/lib/python3.13/site-packages/sqlalchemy/engine/base.py:2355: in _handle_dbapi_exception
    raise sqlalchemy_exception.with_traceback(exc_info[2]) from e
../../AgenticLabs/.venv/lib/python3.13/site-packages/sqlalchemy/engine/base.py:1967: in _exec_single_context
    self.dialect.do_execute(
_ _ _ _ _ _ _ _ _ _ _ _ _ _ _ _ _ _ _ _ _ _ _ _ _ _ _ _ _ _ _ _ _ _ _ _ _ _ _ _ 

self = <sqlalchemy.dialects.sqlite.pysqlite.SQLiteDialect_pysqlite object at 0x108d58410>
cursor = <sqlite3.Cursor object at 0x10bdb4bc0>
statement = 'INSERT INTO traces (provider, model, input, output, tokens, latency_ms, framework, source, extra) VALUES (?, ?, ?, ?, ?, ?, ?, ?, ?) RETURNING id, created_at'
parameters = ('stub', 'stub-echo-1', 'Say hello', 'Stub summary: Say hello', 7, 12, ...)
context = <sqlalchemy.dialects.sqlite.base.SQLiteExecutionContext object at 0x108dddc50>

    def do_execute(self, cursor, statement, parameters, context=None):
>       cursor.execute(statement, parameters)
E       sqlalchemy.exc.OperationalError: (sqlite3.OperationalError) no such table: traces
E       [SQL: INSERT INTO traces (provider, model, input, output, tokens, latency_ms, framework, source, extra) VALUES (?, ?, ?, ?, ?, ?, ?, ?, ?) RETURNING id, created_at]
E       [parameters: ('stub', 'stub-echo-1', 'Say hello', 'Stub summary: Say hello', 7, 12, 'tests', 'router', '{"prompt_tokens": 2, "completion_tokens": 5, "cost_usd": 3e-06, "band": "low", "requested_band": "simple", "inferred_band": "simple", "task_type": nu ... (123 characters truncated) ... ub-echo-1"}, "est_tokens": 2, "est_cost_usd": 1e-06}, "provenance": {"provider": "stub", "model": "stub-echo-1", "parameters": {"temperature": 0.0}}}')]
E       (Background on this error at: https://sqlalche.me/e/20/e3q8)

../../AgenticLabs/.venv/lib/python3.13/site-packages/sqlalchemy/engine/default.py:941: OperationalError
=============================== warnings summary ===============================
<frozen importlib._bootstrap>:488
  <frozen importlib._bootstrap>:488: DeprecationWarning: Type google._upb._message.MessageMapContainer uses PyType_Spec with a metaclass that has custom tp_new. This is deprecated and will no longer be allowed in Python 3.14.

<frozen importlib._bootstrap>:488
  <frozen importlib._bootstrap>:488: DeprecationWarning: Type google._upb._message.ScalarMapContainer uses PyType_Spec with a metaclass that has custom tp_new. This is deprecated and will no longer be allowed in Python 3.14.

main.py:36
  /Users/rpandey/DevHub/AgentDevLabs/backend/main.py:36: DeprecationWarning: 
          on_event is deprecated, use lifespan event handlers instead.
  
          Read more about it in the
          [FastAPI docs for Lifespan Events](https://fastapi.tiangolo.com/advanced/events/).
          
    @app.on_event("startup")

../../AgenticLabs/.venv/lib/python3.13/site-packages/fastapi/applications.py:4495
  /Users/rpandey/DevHub/AgenticLabs/.venv/lib/python3.13/site-packages/fastapi/applications.py:4495: DeprecationWarning: 
          on_event is deprecated, use lifespan event handlers instead.
  
          Read more about it in the
          [FastAPI docs for Lifespan Events](https://fastapi.tiangolo.com/advanced/events/).
          
    return self.router.on_event(event_type)

-- Docs: https://docs.pytest.org/en/stable/how-to/capture-warnings.html
=========================== short test summary info ============================
FAILED tests/test_traces.py::test_create_trace_and_fetch - sqlalchemy.exc.Ope...
FAILED tests/test_traces.py::test_chat_endpoint_uses_stub_provider - sqlalche...
======================== 2 failed, 4 warnings in 1.60s =========================
